2019-04-12 22:28:13,532 [Worker-0: Loading available Gradle versions] INFO  o.e.b.c.i.u.g.PublishedGradleVersions - Gradle version information cache is out-of-date. Trying to update.
2019-04-12 22:54:48,861 [Worker-4: Loading available Gradle versions] INFO  o.e.b.c.i.u.g.PublishedGradleVersions - Gradle version information cache is up-to-date. Trying to read.
2019-04-12 23:02:16,795 [Worker-5: Importing Maven projects] INFO  o.e.m.c.i.l.LifecycleMappingFactory - Using org.eclipse.m2e.jdt.JarLifecycleMapping lifecycle mapping for MavenProject: com.management:SSM:0.0.1-SNAPSHOT @ C:\Users\Muhammad Fateh\Desktop\Gitpractices\007037047057\pom.xml.
2019-04-12 23:02:21,121 [Worker-5: Importing Maven projects] INFO  o.e.m.j.i.AbstractJavaProjectConfigurator - Adding source folder /SSM/src/main/java
2019-04-12 23:02:21,121 [Worker-5: Importing Maven projects] INFO  o.e.m.j.i.AbstractJavaProjectConfigurator - Adding resource folder /SSM/src/main/resources
2019-04-12 23:02:21,151 [Worker-5: Importing Maven projects] INFO  o.e.m.j.i.AbstractJavaProjectConfigurator - Adding resource folder /SSM/src/main/resources
2019-04-12 23:02:21,171 [Worker-5: Importing Maven projects] INFO  o.e.m.j.i.AbstractJavaProjectConfigurator - Adding source folder /SSM/src/test/java
2019-04-12 23:02:22,143 [Worker-5: Importing Maven projects] INFO  o.e.m.c.i.p.ProjectConfigurationManager - Imported and configured 1 project(s) in 13 sec
2019-04-12 23:02:28,392 [Worker-12: Building workspace] INFO  o.e.m.c.i.embedder.EclipseLogger - Using 'UTF-8' encoding to copy filtered resources.
2019-04-12 23:02:28,400 [Worker-12: Building workspace] INFO  o.e.m.c.i.embedder.EclipseLogger - Copying 1 resource
2019-04-12 23:02:28,462 [Worker-12: Building workspace] INFO  o.e.m.c.i.embedder.EclipseLogger - Copying 87 resources
2019-04-12 23:02:31,507 [Worker-12: Building workspace] INFO  o.e.m.c.i.embedder.EclipseLogger - Using 'UTF-8' encoding to copy filtered resources.
2019-04-12 23:02:31,507 [Worker-12: Building workspace] INFO  o.e.m.c.i.embedder.EclipseLogger - skip non existing resourceDirectory C:\Users\Muhammad Fateh\Desktop\Gitpractices\007037047057\src\test\resources
2019-04-12 23:02:35,669 [Worker-13: Building workspace] INFO  o.e.m.c.i.embedder.EclipseLogger - Using 'UTF-8' encoding to copy filtered resources.
2019-04-12 23:02:35,669 [Worker-13: Building workspace] INFO  o.e.m.c.i.embedder.EclipseLogger - Copying 0 resource
2019-04-12 23:02:35,669 [Worker-13: Building workspace] INFO  o.e.m.c.i.embedder.EclipseLogger - Copying 0 resource
2019-04-12 23:02:35,677 [Worker-13: Building workspace] INFO  o.e.m.c.i.embedder.EclipseLogger - Using 'UTF-8' encoding to copy filtered resources.
2019-04-12 23:02:35,687 [Worker-13: Building workspace] INFO  o.e.m.c.i.embedder.EclipseLogger - skip non existing resourceDirectory C:\Users\Muhammad Fateh\Desktop\Gitpractices\007037047057\src\test\resources
2019-04-12 23:03:49,481 [Worker-5: Building workspace] INFO  o.e.m.c.i.embedder.EclipseLogger - Using 'UTF-8' encoding to copy filtered resources.
2019-04-12 23:03:49,481 [Worker-5: Building workspace] INFO  o.e.m.c.i.embedder.EclipseLogger - Copying 0 resource
2019-04-12 23:03:49,481 [Worker-5: Building workspace] INFO  o.e.m.c.i.embedder.EclipseLogger - Copying 0 resource
2019-04-12 23:03:49,497 [Worker-5: Building workspace] INFO  o.e.m.c.i.embedder.EclipseLogger - Using 'UTF-8' encoding to copy filtered resources.
2019-04-12 23:03:49,513 [Worker-5: Building workspace] INFO  o.e.m.c.i.embedder.EclipseLogger - skip non existing resourceDirectory C:\Users\Muhammad Fateh\Desktop\Gitpractices\007037047057\src\test\resources
2019-04-12 23:07:32,779 [Worker-5: Building workspace] INFO  o.e.m.c.i.embedder.EclipseLogger - Using 'UTF-8' encoding to copy filtered resources.
2019-04-12 23:07:32,816 [Worker-5: Building workspace] INFO  o.e.m.c.i.embedder.EclipseLogger - Copying 1 resource
2019-04-12 23:07:32,858 [Worker-5: Building workspace] INFO  o.e.m.c.i.embedder.EclipseLogger - Copying 87 resources
2019-04-12 23:07:32,890 [Worker-5: Building workspace] INFO  o.e.m.c.i.embedder.EclipseLogger - Using 'UTF-8' encoding to copy filtered resources.
2019-04-12 23:07:32,917 [Worker-5: Building workspace] INFO  o.e.m.c.i.embedder.EclipseLogger - skip non existing resourceDirectory C:\Users\Muhammad Fateh\Desktop\Gitpractices\007037047057\src\test\resources
2019-04-12 23:08:22,129 [Worker-15: Building workspace] INFO  o.e.m.c.i.embedder.EclipseLogger - Using 'UTF-8' encoding to copy filtered resources.
2019-04-12 23:08:22,199 [Worker-15: Building workspace] INFO  o.e.m.c.i.embedder.EclipseLogger - Copying 1 resource
2019-04-12 23:08:22,343 [Worker-15: Building workspace] INFO  o.e.m.c.i.embedder.EclipseLogger - Copying 87 resources
2019-04-12 23:08:22,373 [Worker-15: Building workspace] INFO  o.e.m.c.i.embedder.EclipseLogger - Using 'UTF-8' encoding to copy filtered resources.
2019-04-12 23:08:22,373 [Worker-15: Building workspace] INFO  o.e.m.c.i.embedder.EclipseLogger - skip non existing resourceDirectory C:\Users\Muhammad Fateh\Desktop\Gitpractices\007037047057\src\test\resources
2019-04-12 23:09:31,356 [Worker-12: Building workspace] INFO  o.e.m.c.i.embedder.EclipseLogger - Using 'UTF-8' encoding to copy filtered resources.
2019-04-12 23:09:31,381 [Worker-12: Building workspace] INFO  o.e.m.c.i.embedder.EclipseLogger - Copying 1 resource
2019-04-12 23:09:31,435 [Worker-12: Building workspace] INFO  o.e.m.c.i.embedder.EclipseLogger - Copying 87 resources
2019-04-12 23:09:31,466 [Worker-12: Building workspace] INFO  o.e.m.c.i.embedder.EclipseLogger - Using 'UTF-8' encoding to copy filtered resources.
2019-04-12 23:09:31,484 [Worker-12: Building workspace] INFO  o.e.m.c.i.embedder.EclipseLogger - skip non existing resourceDirectory C:\Users\Muhammad Fateh\Desktop\Gitpractices\007037047057\src\test\resources
2019-04-12 23:19:51,599 [Worker-19: Importing Maven projects] INFO  o.e.m.c.i.l.LifecycleMappingFactory - Using org.eclipse.m2e.jdt.JarLifecycleMapping lifecycle mapping for MavenProject: com.management:SSM:0.0.1-SNAPSHOT @ C:\Users\Muhammad Fateh\Desktop\Gitpractices\007037047057\pom.xml.
2019-04-12 23:19:55,977 [Worker-19: Importing Maven projects] INFO  o.e.m.j.i.AbstractJavaProjectConfigurator - Adding source folder /SSM/src/main/java
2019-04-12 23:19:55,977 [Worker-19: Importing Maven projects] INFO  o.e.m.j.i.AbstractJavaProjectConfigurator - Adding resource folder /SSM/src/main/resources
2019-04-12 23:19:56,118 [Worker-19: Importing Maven projects] INFO  o.e.m.j.i.AbstractJavaProjectConfigurator - Adding resource folder /SSM/src/main/resources
2019-04-12 23:19:56,118 [Worker-19: Importing Maven projects] INFO  o.e.m.j.i.AbstractJavaProjectConfigurator - Adding source folder /SSM/src/test/java
2019-04-12 23:19:56,883 [Worker-19: Importing Maven projects] INFO  o.e.m.c.i.p.ProjectConfigurationManager - Imported and configured 1 project(s) in 6 sec
2019-04-12 23:20:00,855 [Worker-18: Building workspace] INFO  o.e.m.c.i.embedder.EclipseLogger - Using 'UTF-8' encoding to copy filtered resources.
2019-04-12 23:20:01,393 [Worker-18: Building workspace] INFO  o.e.m.c.i.embedder.EclipseLogger - Copying 1 resource
2019-04-12 23:20:01,801 [Worker-18: Building workspace] INFO  o.e.m.c.i.embedder.EclipseLogger - Copying 87 resources
2019-04-12 23:20:07,693 [Worker-18: Building workspace] INFO  o.e.m.c.i.embedder.EclipseLogger - Using 'UTF-8' encoding to copy filtered resources.
2019-04-12 23:20:07,708 [Worker-18: Building workspace] INFO  o.e.m.c.i.embedder.EclipseLogger - skip non existing resourceDirectory C:\Users\Muhammad Fateh\Desktop\Gitpractices\007037047057\src\test\resources
